build/app/outputs/mapping/release/seeds.txt
com.stylemixthemes.masterstudyapp.MainActivity
com.stylemixthemes.masterstudyapp.MainActivity: MainActivity()
...
com.pichillilorenzo.flutter_inappwebview_android.tracing.TracingControllerManager
com.pichillilorenzo.flutter_inappwebview_android.types.CreateWindowAction
com.google.android.datatransport.runtime.scheduling.jobscheduling.JobInfoSchedulerService
com.pichillilorenzo.flutter_inappwebview_android.webview.web_message.WebMessageChannel$2
io.flutter.plugins.firebase.messaging.FlutterFirebaseMessagingInitProvider
io.flutter.plugin.editing.ImeSyncDeferringInsetsCallback
com.pichillilorenzo.flutter_inappwebview_android.types.WebMessageCompatExt
com.google.android.exoplayer2.source.smoothstreaming.SsMediaSource$Factory
androidx.window.layout.WindowInfoTrackerImpl$windowLayoutInfo$1
io.flutter.embedding.android.FlutterSplashView$SavedState
com.pichillilorenzo.flutter_inappwebview_android.webview.JavaScriptBridgeInterface
org.chromium.support_lib_boundary.SafeBrowsingResponseBoundaryInterface
androidx.window.layout.SidecarWindowBackend$WindowLayoutChangeCallbackWrapper
com.facebook.core.Core
android.support.v4.media.MediaDescriptionCompat
com.google.android.gms.measurement.AppMeasurementReceiver
com.pichillilorenzo.flutter_inappwebview_android.webview.in_app_webview.InAppWebViewClientCompat$1
com.pichillilorenzo.flutter_inappwebview_android.webview.in_app_webview.DisplayListenerProxy
com.google.android.gms.common.util.DynamiteApi
com.pichillilorenzo.flutter_inappwebview_android.webview.in_app_webview.InAppWebViewChromeClient$3
com.pichillilorenzo.flutter_inappwebview_android.types.UserContentController
org.chromium.support_lib_boundary.WebSettingsBoundaryInterface$WebAuthnSupport
com.pichillilorenzo.flutter_inappwebview_android.in_app_browser.InAppBrowserManager
com.pichillilorenzo.flutter_inappwebview_android.webview.in_app_webview.InAppWebView$21
com.android.installreferrer.api.ReferrerDetails
com.pichillilorenzo.flutter_inappwebview_android.chrome_custom_tabs.KeepAliveService
androidx.window.core.Version$bigInteger$2
com.pichillilorenzo.flutter_inappwebview_android.R$xml
com.pichillilorenzo.flutter_inappwebview_android.webview.in_app_webview.InAppWebViewChromeClient$5
androidx.lifecycle.SavedStateHandleAttacher
com.google.android.datatransport.runtime.backends.TransportBackendDiscovery
com.android.billingclient.api.ProxyBillingActivity
com.pichillilorenzo.flutter_inappwebview_android.types.WebResourceErrorExt
com.pichillilorenzo.flutter_inappwebview_android.webview.in_app_webview.InAppWebView$DownloadStartListener
com.google.android.gms.dynamite.descriptors.com.google.android.gms.measurement.dynamite.ModuleDescriptor
com.google.firebase.messaging.FirebaseMessagingRegistrar
com.pichillilorenzo.flutter_inappwebview_android.process_global_config.ProcessGlobalConfigManager
androidx.window.embedding.EmbeddingInterfaceCompat
com.pichillilorenzo.flutter_inappwebview_android.webview.in_app_webview.InAppWebViewChromeClient$1
com.pichillilorenzo.flutter_inappwebview_android.types.UserContentController$2
io.flutter.plugins.imagepicker.ImagePickerFileProvider
androidx.window.layout.HardwareFoldingFeature$Type
io.flutter.plugins.firebase.crashlytics.FlutterError
com.facebook.internal.FacebookInitProvider
com.pichillilorenzo.flutter_inappwebview_android.chrome_custom_tabs.NoHistoryCustomTabsActivityCallbacks$1
com.pichillilorenzo.flutter_inappwebview_android.webview.WebViewChannelDelegate$CallJsHandlerCallback
androidx.window.layout.ActivityCompatHelperApi30
com.pichillilorenzo.flutter_inappwebview_android.webview.WebViewChannelDelegate$8
io.flutter.plugins.imagepicker.ImagePickerPlugin$LifeCycleObserver
com.pichillilorenzo.flutter_inappwebview_android.types.JsBeforeUnloadResponse
androidx.core.app.CoreComponentFactory
com.facebook.CurrentAccessTokenExpirationBroadcastReceiver
com.google.android.gms.common.GooglePlayServicesManifestException
com.pichillilorenzo.flutter_inappwebview_android.webview.in_app_webview.InAppWebViewClientCompat$7
com.pichillilorenzo.flutter_inappwebview_android.content_blocker.ContentBlockerTriggerResourceType