build/app/outputs/mapping/release/usage.txt
com.stylemixthemes.masterstudyapp.BuildConfig
com.stylemixthemes.masterstudyapp.R$anim
com.stylemixthemes.masterstudyapp.R$animator
com.stylemixthemes.masterstudyapp.R$attr
com.stylemixthemes.masterstudyapp.R$bool
com.stylemixthemes.masterstudyapp.R$color
com.stylemixthemes.masterstudyapp.R$dimen
com.stylemixthemes.masterstudyapp.R$drawable
com.stylemixthemes.masterstudyapp.R$id
com.stylemixthemes.masterstudyapp.R$integer
com.stylemixthemes.masterstudyapp.R$interpolator
com.stylemixthemes.masterstudyapp.R$layout
com.stylemixthemes.masterstudyapp.R$menu
com.stylemixthemes.masterstudyapp.R$mipmap
com.stylemixthemes.masterstudyapp.R$raw
com.stylemixthemes.masterstudyapp.R$string
com.stylemixthemes.masterstudyapp.R$style
com.stylemixthemes.masterstudyapp.R$styleable
com.stylemixthemes.masterstudyapp.R$xml
com.stylemixthemes.masterstudyapp.R
...
androidx.lifecycle.AbstractSavedStateViewModelFactory
androidx.lifecycle.AndroidViewModel:
    private final android.app.Application application
    public void <init>(android.app.Application)
    public android.app.Application getApplication()
androidx.lifecycle.ClassesInfoCache:
    private static final int CALL_TYPE_NO_ARG
    private static final int CALL_TYPE_PROVIDER
    private static final int CALL_TYPE_PROVIDER_WITH_EVENT
androidx.lifecycle.ComputableLiveData$_liveData$1
androidx.lifecycle.ComputableLiveData
androidx.lifecycle.DispatchQueue
androidx.lifecycle.GenericLifecycleObserver
androidx.lifecycle.HasDefaultViewModelProviderFactory:
    public abstract androidx.lifecycle.ViewModelProvider$Factory getDefaultViewModelProviderFactory()
androidx.lifecycle.LegacySavedStateHandleController:
    public static final java.lang.String TAG_SAVED_STATE_HANDLE_CONTROLLER
androidx.lifecycle.Lifecycle$Event$Companion:
    public final androidx.lifecycle.Lifecycle$Event downTo(androidx.lifecycle.Lifecycle$State)
androidx.lifecycle.Lifecycle$Event:
    public static final androidx.lifecycle.Lifecycle$Event downTo(androidx.lifecycle.Lifecycle$State)
    public static final androidx.lifecycle.Lifecycle$Event upFrom(androidx.lifecycle.Lifecycle$State)
androidx.lifecycle.Lifecycle:
    public final java.util.concurrent.atomic.AtomicReference getInternalScopeRef()
    public final void setInternalScopeRef(java.util.concurrent.atomic.AtomicReference)
androidx.lifecycle.LifecycleController
androidx.lifecycle.LifecycleCoroutineScope$launchWhenCreated$1
androidx.lifecycle.LifecycleCoroutineScope$launchWhenResumed$1
androidx.lifecycle.LifecycleCoroutineScope$launchWhenStarted$1
androidx.lifecycle.LifecycleCoroutineScope:
    public abstract androidx.lifecycle.Lifecycle getLifecycle$lifecycle_common()
    public final kotlinx.coroutines.Job launchWhenCreated(kotlin.jvm.functions.Function2)
    public final kotlinx.coroutines.Job launchWhenResumed(kotlin.jvm.functions.Function2)
    public final kotlinx.coroutines.Job launchWhenStarted(kotlin.jvm.functions.Function2)
androidx.lifecycle.LifecycleCoroutineScopeImpl$register$1
androidx.lifecycle.LifecycleCoroutineScopeImpl:
    public void <init>(androidx.lifecycle.Lifecycle,kotlin.coroutines.CoroutineContext)
    public final void register()
androidx.lifecycle.LifecycleKt
androidx.lifecycle.LifecycleOwnerKt
androidx.lifecycle.LifecycleRegistry$Companion:
    public final androidx.lifecycle.LifecycleRegistry createUnsafe(androidx.lifecycle.LifecycleOwner)
androidx.lifecycle.LifecycleRegistry$ObserverWithState:
    public final androidx.lifecycle.LifecycleEventObserver getLifecycleObserver()
    public final void setLifecycleObserver(androidx.lifecycle.LifecycleEventObserver)
    public final void setState(androidx.lifecycle.Lifecycle$State)
androidx.lifecycle.LifecycleRegistry:
    public synthetic void <init>(androidx.lifecycle.LifecycleOwner,boolean,kotlin.jvm.internal.DefaultConstructorMarker)
    public static final androidx.lifecycle.LifecycleRegistry createUnsafe(androidx.lifecycle.LifecycleOwner)
    public int getObserverCount()
    public static final androidx.lifecycle.Lifecycle$State min$lifecycle_runtime_release(androidx.lifecycle.Lifecycle$State,androidx.lifecycle.Lifecycle$State)
androidx.lifecycle.Lifecycling:
    private static final int GENERATED_CALLBACK
    private static final int REFLECTIVE_CALLBACK
androidx.lifecycle.LiveData:
    static final int START_VERSION
    public void <init>(java.lang.Object)
    int getVersion()
    public boolean hasObservers()
    public boolean isInitialized()
    public void removeObservers(androidx.lifecycle.LifecycleOwner)
androidx.lifecycle.MediatorLiveData$Source
androidx.lifecycle.MediatorLiveData
androidx.lifecycle.MethodCallsLogger:
    public boolean approveCall(java.lang.String,int)
androidx.lifecycle.MutableLiveData:
    public void <init>(java.lang.Object)
androidx.lifecycle.PausingDispatcher